<?xml version="1.0" encoding="UTF-8"?>
<!-- Generated by org.testng.reporters.JUnitReportReporter -->
<testsuite hostname="DESKTOP-5B5IS47" failures="0" tests="1" name="sdet.Login" time="14.673" errors="0" timestamp="2023-10-10T16:11:56 PKT" skipped="0">
  <testcase classname="sdet.Login" name="loginTest" time="14.673"/>
  <system-out/>
</testsuite> <!-- sdet.Login -->
